[Sat Jan 17 16:47:17 2026] Starting application...
[Sat Jan 17 16:47:17 2026] Firebase initialized successfully. Initial Limit: 42
[Sat Jan 17 16:47:19 2026] Adding contact: Eve Smith <eve.smith@example.com>
[Sat Jan 17 16:47:19 2026] Adding contact: Frank Miller <frank.miller@example.com>
[Sat Jan 17 16:47:19 2026] Adding contact: Charlie Smith <charlie.smith@example.com>
[Sat Jan 17 16:47:20 2026] Adding contact: Eve Miller <eve.miller@example.com>
[Sat Jan 17 16:47:20 2026] Adding contact: Heidi Johnson <heidi.johnson@example.com>
[Sat Jan 17 16:47:20 2026] Adding contact: Charlie Brown <charlie.brown@example.com>
[Sat Jan 17 16:47:20 2026] Adding contact: Bob Williams <bob.williams@example.com>
[Sat Jan 17 16:47:20 2026] Adding contact: Eve Jones <eve.jones@example.com>
[Sat Jan 17 16:47:20 2026] Adding contact: Heidi Jones <heidi.jones@example.com>
[Sat Jan 17 16:47:20 2026] Adding contact: Bob Davis <bob.davis@example.com>
[Sat Jan 17 16:47:20 2026] Adding contact: Eve Davis <eve.davis@example.com>
[Sat Jan 17 16:47:20 2026] Adding contact: Grace Jones <grace.jones@example.com>
[Sat Jan 17 16:47:21 2026] Adding contact: Grace Brown <grace.brown@example.com>
[Sat Jan 17 16:47:21 2026] Adding contact: David Johnson <david.johnson@example.com>
[Sat Jan 17 16:47:21 2026] Adding contact: Bob Williams <bob.williams@example.com>
[Sat Jan 17 16:47:21 2026] Adding contact: Frank Johnson <frank.johnson@example.com>
[Sat Jan 17 16:47:21 2026] Adding contact: Bob Brown <bob.brown@example.com>
[Sat Jan 17 16:47:22 2026] Adding contact: Grace Jones <grace.jones@example.com>
[Sat Jan 17 16:47:22 2026] Adding contact: Alice Johnson <alice.johnson@example.com>
[Sat Jan 17 16:47:22 2026] Adding contact: Heidi Johnson <heidi.johnson@example.com>
[Sat Jan 17 16:47:22 2026] Adding contact: Bob Jones <bob.jones@example.com>
[Sat Jan 17 16:47:22 2026] Adding contact: Charlie Johnson <charlie.johnson@example.com>
[Sat Jan 17 16:47:22 2026] Adding contact: Frank Brown <frank.brown@example.com>
[Sat Jan 17 16:47:23 2026] Adding contact: Charlie Davis <charlie.davis@example.com>
[Sat Jan 17 16:47:23 2026] Adding contact: Heidi Brown <heidi.brown@example.com>
[Sat Jan 17 16:47:23 2026] Adding contact: Alice Brown <alice.brown@example.com>
[Sat Jan 17 16:47:23 2026] Adding contact: David Jones <david.jones@example.com>
[Sat Jan 17 16:47:23 2026] Adding contact: Eve Johnson <eve.johnson@example.com>
[Sat Jan 17 16:47:24 2026] Adding contact: David Brown <david.brown@example.com>
[Sat Jan 17 16:47:24 2026] Adding contact: David Jones <david.jones@example.com>
[Sat Jan 17 16:47:24 2026] Adding contact: Frank Davis <frank.davis@example.com>
[Sat Jan 17 16:47:24 2026] Adding contact: Alice Johnson <alice.johnson@example.com>
[Sat Jan 17 16:47:24 2026] Adding contact: David Brown <david.brown@example.com>
[Sat Jan 17 16:47:24 2026] Adding contact: Heidi Jones <heidi.jones@example.com>
[Sat Jan 17 16:47:24 2026] Adding contact: Grace Brown <grace.brown@example.com>
[Sat Jan 17 16:47:25 2026] Adding contact: Frank Miller <frank.miller@example.com>
[Sat Jan 17 16:47:25 2026] Adding contact: Eve Smith <eve.smith@example.com>
[Sat Jan 17 16:47:25 2026] Adding contact: Bob Jones <bob.jones@example.com>
[Sat Jan 17 16:47:25 2026] Adding contact: Heidi Davis <heidi.davis@example.com>
[Sat Jan 17 16:47:26 2026] Adding contact: Heidi Miller <heidi.miller@example.com>
[Sat Jan 17 16:47:26 2026] Adding contact: Alice Brown <alice.brown@example.com>
[Sat Jan 17 16:47:26 2026] Adding contact: Frank Johnson <frank.johnson@example.com>
[Sat Jan 17 16:47:26 2026] Adding contact: Alice Jones <alice.jones@example.com>
[Sat Jan 17 16:47:26 2026] Adding contact: Alice Brown <alice.brown@example.com>
[Sat Jan 17 16:47:27 2026] Adding contact: Grace Brown <grace.brown@example.com>
[Sat Jan 17 16:47:28 2026] Adding contact: Alice Johnson <alice.johnson@example.com>
[Sat Jan 17 16:47:28 2026] Adding contact: Eve Brown <eve.brown@example.com>
[Sat Jan 17 16:47:31 2026] Adding contact: Charlie Davis <charlie.davis@example.com>
[Sat Jan 17 16:47:31 2026] Adding contact: Heidi Smith <heidi.smith@example.com>
[Sat Jan 17 16:47:31 2026] Adding contact: Grace Miller <grace.miller@example.com>
[Sat Jan 17 16:47:31 2026] Adding contact: Grace Jones <grace.jones@example.com>
[Sat Jan 17 16:47:32 2026] Adding contact: Grace Johnson <grace.johnson@example.com>
[Sat Jan 17 16:47:32 2026] Adding contact: Charlie Johnson <charlie.johnson@example.com>
[Sat Jan 17 16:47:32 2026] Adding contact: Charlie Davis <charlie.davis@example.com>
[Sat Jan 17 16:47:32 2026] Adding contact: Charlie Smith <charlie.smith@example.com>
[Sat Jan 17 16:47:32 2026] Adding contact: Frank Johnson <frank.johnson@example.com>
[Sat Jan 17 16:47:32 2026] Adding contact: Grace Davis <grace.davis@example.com>
[Sat Jan 17 16:47:33 2026] Adding contact: Heidi Jones <heidi.jones@example.com>
[Sat Jan 17 16:47:33 2026] Adding contact: Alice Miller <alice.miller@example.com>
[Sat Jan 17 16:47:33 2026] Adding contact: Bob Jones <bob.jones@example.com>
[Sat Jan 17 16:47:33 2026] Adding contact: Heidi Davis <heidi.davis@example.com>
[Sat Jan 17 16:47:33 2026] Adding contact: Heidi Williams <heidi.williams@example.com>
[Sat Jan 17 16:47:33 2026] Adding contact: Bob Johnson <bob.johnson@example.com>
[Sat Jan 17 16:47:34 2026] Adding contact: Alice Johnson <alice.johnson@example.com>
[Sat Jan 17 16:47:34 2026] Adding contact: Charlie Johnson <charlie.johnson@example.com>
[Sat Jan 17 16:47:34 2026] Adding contact: Charlie Williams <charlie.williams@example.com>
[Sat Jan 17 16:47:34 2026] Adding contact: Eve Davis <eve.davis@example.com>
[Sat Jan 17 16:47:34 2026] Adding contact: Frank Davis <frank.davis@example.com>
[Sat Jan 17 16:48:52 2026] Application closed.
[Sat Jan 17 16:48:52 2026] Removing Firestore listener...
[Sat Jan 17 16:48:52 2026] Closing application, deleting Firebase App...
