[2026-01-28 08:13:21] [23500] Firebase initialized. API Key length: 39
[2026-01-28 08:13:21] [23500] Starting listener for Page 0 (Limit: 41, Cursor: None)
[2026-01-28 08:13:21] [23500] Invoking query.AddSnapshotListener...
[2026-01-28 08:13:22] [23500] Doc: Frank 535 Brown Fields: email,name,timestamp,
[2026-01-28 08:13:22] [23500] Doc: Frank 493 Miller Fields: email,name,timestamp,
[2026-01-28 08:13:22] [23500] Doc: Alice 401 Miller Fields: email,name,timestamp,
[2026-01-28 08:13:22] [23500] Doc: Frank 618 Jones Fields: email,name,timestamp,
[2026-01-28 08:13:22] [23500] Doc: David 658 Johnson Fields: email,name,timestamp,
[2026-01-28 08:13:22] [23500] Doc: Frank Muller Fields: email,name,timestamp,
[2026-01-28 08:13:22] [23500] Doc: Toshizo Hijikata Fields: email,name,timestamp,
[2026-01-28 08:13:22] [23500] Doc: Bob 362 Smith Fields: email,name,timestamp,
[2026-01-28 08:13:22] [23500] Doc: Heidi 755 Miller Fields: email,name,timestamp,
[2026-01-28 08:13:22] [23500] Doc: Charlie 522 Davis Fields: email,name,timestamp,
[2026-01-28 08:13:22] [23500] Doc: Bob 647 Davis Fields: email,name,timestamp,
[2026-01-28 08:13:22] [23500] Doc: Alice 314 Smith Fields: email,name,timestamp,
[2026-01-28 08:13:22] [23500] Doc: Grace 809 Johnson Fields: email,name,timestamp,
[2026-01-28 08:13:22] [23500] Doc: Alice 178 Smith Fields: email,name,timestamp,
[2026-01-28 08:13:22] [23500] Doc: David 608 Williams Fields: email,name,timestamp,
[2026-01-28 08:13:22] [23500] Doc: Alice 739 Miller Fields: email,name,timestamp,
[2026-01-28 08:13:22] [23500] Doc: Charlie 852 Davis Fields: email,name,timestamp,
[2026-01-28 08:13:22] [23500] Doc: Bob 157 Williams Fields: email,name,timestamp,
[2026-01-28 08:13:22] [23500] Doc: Grace 278 Davis Fields: email,name,timestamp,
[2026-01-28 08:13:22] [23500] Doc: David 273 Johnson Fields: email,name,timestamp,
[2026-01-28 08:13:22] [23500] Doc: Charlie 212 Miller Fields: email,name,timestamp,
[2026-01-28 08:13:22] [23500] Doc: Heidi 915 Jones Fields: email,name,timestamp,
[2026-01-28 08:13:22] [23500] Doc: Charlie 491 Brown Fields: email,name,timestamp,
[2026-01-28 08:13:22] [23500] Doc: David 224 Jones Fields: email,name,timestamp,
[2026-01-28 08:13:22] [23500] Doc: Charlie 796 Smith Fields: email,name,timestamp,
[2026-01-28 08:13:22] [23500] Doc: Alice 390 Smith Fields: email,name,timestamp,
[2026-01-28 08:13:22] [23500] Doc: Charlie 498 Smith Fields: email,name,timestamp,
[2026-01-28 08:13:22] [23500] Doc: Bob 949 Smith Fields: email,name,timestamp,
[2026-01-28 08:13:22] [23500] Doc: Eve 320 Johnson Fields: email,name,timestamp,
[2026-01-28 08:13:22] [23500] Doc: Alice 722 Johnson Fields: email,name,timestamp,
[2026-01-28 08:13:22] [23500] Doc: Eve 578 Davis Fields: email,name,timestamp,
[2026-01-28 08:13:22] [23500] Doc: Eve 767 Miller Fields: email,name,timestamp,
[2026-01-28 08:13:22] [23500] Doc: Charlie 333 Johnson Fields: email,name,timestamp,
[2026-01-28 08:13:22] [23500] Doc: Heidi 296 Jones Fields: email,name,timestamp,
[2026-01-28 08:13:22] [23500] Doc: Charlie 803 Davis Fields: email,name,timestamp,
[2026-01-28 08:13:22] [23500] Doc: Alice 172 Smith Fields: email,name,timestamp,
[2026-01-28 08:13:22] [23500] Doc: Charlie 575 Miller Fields: email,name,timestamp,
[2026-01-28 08:13:22] [23500] Doc: Charlie 508 Smith Fields: email,name,timestamp,
[2026-01-28 08:13:22] [23500] Doc: Alice 543 Smith Fields: email,name,timestamp,
[2026-01-28 08:13:22] [23500] Doc: Frank 895 Williams Fields: email,name,timestamp,
[2026-01-28 08:13:22] [23500] Doc: Frank 981 Jones Fields: email,name,timestamp,
[2026-01-28 08:14:46] [23500] Removing all Firestore listeners (1 pages)...
[2026-01-28 08:14:46] [23500] Cleaning up Firebase resources...
[2026-01-28 08:14:46] [23500] Deleting Firestore instance...
[2026-01-28 08:14:46] [23500] Deleting Firebase App...
