[2026-01-28 20:23:02] [22876] Firestore Query: Page=0 Limit=10 OrderBy=timestamp ASC
[2026-01-28 20:23:02] [22876] Firestore Query: Page=1 Limit=10 OrderBy=timestamp ASC StartAfter=Heidi 915 Jones
[2026-01-28 20:23:02] [22876] Firestore Query: Page=2 Limit=10 OrderBy=timestamp ASC StartAfter=Eve 767 Miller
[2026-01-28 20:23:02] [22876] Firestore Query: Page=3 Limit=10 OrderBy=timestamp ASC StartAfter=Frank 965 Jones
[2026-01-28 20:23:02] [22876] Firestore Query: Page=4 Limit=10 OrderBy=timestamp ASC StartAfter=Charlie 134 Smith
[2026-01-28 20:23:02] [22876] Firestore Query: Page=5 Limit=10 OrderBy=timestamp ASC StartAfter=Alice 631 Williams
[2026-01-28 20:23:16] [22876] Firestore Query: Page=6 Limit=10 OrderBy=timestamp ASC StartAfter=Frank 530 Williams
[2026-01-28 20:23:16] [22876] Firestore Query: Page=7 Limit=10 OrderBy=timestamp ASC StartAfter=Eve 322 Williams
[2026-01-28 20:23:16] [22876] Firestore Query: Page=8 Limit=10 OrderBy=timestamp ASC StartAfter=Heidi 512 Brown
[2026-01-28 20:23:16] [22876] Firestore Query: Page=9 Limit=10 OrderBy=timestamp ASC StartAfter=Heidi 504 Brown
[2026-01-28 20:23:16] [22876] Firestore Query: Page=10 Limit=10 OrderBy=timestamp ASC StartAfter=David 163 Johnson
[2026-01-28 20:23:16] [22876] Firestore Query: Page=11 Limit=10 OrderBy=timestamp ASC StartAfter=Alice 902 Davis
[2026-01-28 20:23:16] [22876] Firestore Query: Page=12 Limit=10 OrderBy=timestamp ASC StartAfter=David 482 Johnson
[2026-01-28 20:23:17] [22876] Firestore Query: Page=13 Limit=10 OrderBy=timestamp ASC StartAfter=Heidi 440 Miller
[2026-01-28 20:23:17] [22876] Firestore Query: Page=14 Limit=10 OrderBy=timestamp ASC StartAfter=David 817 Miller
[2026-01-28 20:23:17] [22876] Firestore Query: Page=15 Limit=10 OrderBy=timestamp ASC StartAfter=Grace 874 Brown
[2026-01-28 20:23:17] [22876] Firestore Query: Page=16 Limit=10 OrderBy=timestamp ASC StartAfter=David 560 Williams
[2026-01-28 20:23:17] [22876] Firestore Query: Page=17 Limit=10 OrderBy=timestamp ASC StartAfter=Bob 144 Williams
[2026-01-28 20:23:17] [22876] Firestore Query: Page=18 Limit=10 OrderBy=timestamp ASC StartAfter=Heidi 139 Brown
[2026-01-28 20:23:17] [22876] Firestore Query: Page=19 Limit=10 OrderBy=timestamp ASC StartAfter=Charlie 225 Williams
[2026-01-28 20:23:17] [22876] Firestore Query: Page=20 Limit=10 OrderBy=timestamp ASC StartAfter=Grace 649 Smith
[2026-01-28 20:23:17] [22876] Firestore Query: Page=21 Limit=10 OrderBy=timestamp ASC StartAfter=Frank 111 Johnson
[2026-01-28 20:23:17] [22876] Firestore Query: Page=22 Limit=10 OrderBy=timestamp ASC StartAfter=Grace 724 Davis
[2026-01-28 20:23:17] [22876] Firestore Query: Page=23 Limit=10 OrderBy=timestamp ASC StartAfter=Heidi 333 Smith
[2026-01-28 20:23:17] [22876] Firestore Query: Page=24 Limit=10 OrderBy=timestamp ASC StartAfter=Bob 795 Brown
[2026-01-28 20:23:17] [22876] Firestore Query: Page=25 Limit=10 OrderBy=timestamp ASC StartAfter=A. Alice Wilson
[2026-01-28 20:23:17] [22876] Firestore Query: Page=26 Limit=10 OrderBy=timestamp ASC StartAfter=J. Wendy Davis
[2026-01-28 20:23:17] [22876] Firestore Query: Page=27 Limit=10 OrderBy=timestamp ASC StartAfter=D. Victor 99 Thomas
[2026-01-28 20:23:17] [22876] Firestore Query: Page=28 Limit=10 OrderBy=timestamp ASC StartAfter=R. Karl Johnson
[2026-01-28 20:23:18] [22876] Firestore Query: Page=29 Limit=10 OrderBy=timestamp ASC StartAfter=E. Linda Moore
[2026-01-28 20:23:18] [22876] Firestore Query: Page=30 Limit=10 OrderBy=timestamp ASC StartAfter=S. Mike Thompson
[2026-01-28 20:23:18] [22876] Firestore Query: Page=31 Limit=10 OrderBy=timestamp ASC StartAfter=I. Mike 46 Martinez
[2026-01-28 20:23:18] [22876] Firestore Query: Page=32 Limit=10 OrderBy=timestamp ASC StartAfter=T. Alice Rodriguez
[2026-01-28 20:23:18] [22876] Firestore Query: Page=33 Limit=10 OrderBy=timestamp ASC StartAfter=O. Oscar White
[2026-01-28 20:23:18] [22876] Firestore Query: Page=34 Limit=10 OrderBy=timestamp ASC StartAfter=Y. Peggy Robinson
[2026-01-28 20:23:18] [22876] Firestore Query: Page=35 Limit=10 OrderBy=timestamp ASC StartAfter=V. Oscar Anderson
[2026-01-28 20:23:18] [22876] Firestore Query: Page=36 Limit=10 OrderBy=timestamp ASC StartAfter=U. Peggy Anderson
[2026-01-28 20:23:18] [22876] Firestore Query: Page=37 Limit=10 OrderBy=timestamp ASC StartAfter=W. Bob Moore
[2026-01-28 20:23:18] [22876] Firestore Query: Page=38 Limit=10 OrderBy=timestamp ASC StartAfter=E. Judy 82 Brown
[2026-01-28 20:23:18] [22876] Firestore Query: Page=39 Limit=10 OrderBy=timestamp ASC StartAfter=H. Steve Brown
[2026-01-28 20:23:18] [22876] Firestore Query: Page=40 Limit=10 OrderBy=timestamp ASC StartAfter=L. Bob Brown
[2026-01-28 20:23:18] [22876] Firestore Query: Page=41 Limit=10 OrderBy=timestamp ASC StartAfter=H. Oscar Thompson
[2026-01-28 20:23:18] [22876] Firestore Query: Page=42 Limit=10 OrderBy=timestamp ASC StartAfter=H. Rose Lewis
[2026-01-28 20:23:18] [22876] Firestore Query: Page=43 Limit=10 OrderBy=timestamp ASC StartAfter=K. Heidi Jones
[2026-01-28 20:23:18] [22876] Firestore Query: Page=44 Limit=10 OrderBy=timestamp ASC StartAfter=I. Nancy Clark
[2026-01-28 20:23:19] [22876] Firestore Query: Page=45 Limit=10 OrderBy=timestamp ASC StartAfter=Y. Victor Brown
[2026-01-28 20:23:19] [22876] Firestore Query: Page=46 Limit=10 OrderBy=timestamp ASC StartAfter=I. Steve Garcia
[2026-01-28 20:23:19] [22876] Firestore Query: Page=47 Limit=10 OrderBy=timestamp ASC StartAfter=Heidi 538 Davis
[2026-01-28 20:23:19] [22876] Firestore Query: Page=48 Limit=10 OrderBy=timestamp ASC StartAfter=Grace 829 Williams
[2026-01-28 20:23:19] [22876] Firestore Query: Page=49 Limit=10 OrderBy=timestamp ASC StartAfter=Charlie 675 Williams
[2026-01-28 20:23:19] [22876] Firestore Query: Page=50 Limit=10 OrderBy=timestamp ASC StartAfter=Bob 721 Smith
[2026-01-28 20:23:19] [22876] Firestore Query: Page=51 Limit=10 OrderBy=timestamp ASC StartAfter=Frank 430 Brown
[2026-01-28 20:23:19] [22876] Firestore Query: Page=52 Limit=10 OrderBy=timestamp ASC StartAfter=David 366 Williams
[2026-01-28 20:23:19] [22876] Firestore Query: Page=53 Limit=10 OrderBy=timestamp ASC StartAfter=Frank 269 Davis
[2026-01-28 20:23:19] [22876] Firestore Query: Page=54 Limit=10 OrderBy=timestamp ASC StartAfter=Alice 231 Miller
[2026-01-28 20:23:19] [22876] Firestore Query: Page=55 Limit=10 OrderBy=timestamp ASC StartAfter=Grace 306 Johnson
[2026-01-28 20:23:19] [22876] Firestore Query: Page=56 Limit=10 OrderBy=timestamp ASC StartAfter=Heidi 565 Davis
[2026-01-28 20:23:19] [22876] Firestore Query: Page=57 Limit=10 OrderBy=timestamp ASC StartAfter=Bob 499 Miller
