kotlin version: 2.0.21
error message: Incremental compilation failed: Expected absolute path but found relative path: C:\Users\kyoya\works\samples\2024\KotlinRPC\ktor-web-app\server\src\main\kotlin\MyServiceImpl.kt
java.lang.IllegalStateException: Expected absolute path but found relative path: C:\Users\kyoya\works\samples\2024\KotlinRPC\ktor-web-app\server\src\main\kotlin\MyServiceImpl.kt
	at org.jetbrains.kotlin.incremental.storage.RelocatableFileToPathConverter.toPath(RelocatableFileToPathConverter.kt:20)
	at org.jetbrains.kotlin.incremental.storage.FileDescriptor.getHashCode(FileToPathConverter.kt:50)
	at org.jetbrains.kotlin.incremental.storage.FileDescriptor.getHashCode(FileToPathConverter.kt:30)
	at org.jetbrains.kotlin.com.intellij.util.containers.LinkedCustomHashMap.hashKey(LinkedCustomHashMap.java:109)
	at org.jetbrains.kotlin.com.intellij.util.containers.LinkedCustomHashMap.remove(LinkedCustomHashMap.java:153)
	at org.jetbrains.kotlin.com.intellij.util.containers.SLRUMap.remove(SLRUMap.java:89)
	at org.jetbrains.kotlin.com.intellij.util.io.PersistentMapImpl.flushAppendCache(PersistentMapImpl.java:999)
	at org.jetbrains.kotlin.com.intellij.util.io.PersistentMapImpl.doGet(PersistentMapImpl.java:640)
	at org.jetbrains.kotlin.com.intellij.util.io.PersistentMapImpl.get(PersistentMapImpl.java:613)
	at org.jetbrains.kotlin.com.intellij.util.io.PersistentHashMap.get(PersistentHashMap.java:196)
	at org.jetbrains.kotlin.incremental.storage.LazyStorage.get(LazyStorage.kt:76)
	at org.jetbrains.kotlin.incremental.storage.InMemoryStorage.get(InMemoryStorage.kt:68)
	at org.jetbrains.kotlin.incremental.storage.AppendableInMemoryStorage.get(InMemoryStorage.kt:155)
	at org.jetbrains.kotlin.incremental.storage.AppendableInMemoryStorage.get(InMemoryStorage.kt:147)
	at org.jetbrains.kotlin.incremental.storage.AppendableSetBasicMap.get(BasicMap.kt:137)
	at org.jetbrains.kotlin.incremental.storage.AbstractSourceToOutputMap.getFqNames(SourceToOutputMaps.kt:50)
	at org.jetbrains.kotlin.incremental.AbstractIncrementalCache.classesFqNamesBySources(AbstractIncrementalCache.kt:95)
	at org.jetbrains.kotlin.incremental.IncrementalCompilerRunner.getRemovedClassesChanges(IncrementalCompilerRunner.kt:622)
	at org.jetbrains.kotlin.incremental.IncrementalJvmCompilerRunner.calculateSourcesToCompileImpl(IncrementalJvmCompilerRunner.kt:274)
	at org.jetbrains.kotlin.incremental.IncrementalJvmCompilerRunner.calculateSourcesToCompile(IncrementalJvmCompilerRunner.kt:143)
	at org.jetbrains.kotlin.incremental.IncrementalJvmCompilerRunner.calculateSourcesToCompile(IncrementalJvmCompilerRunner.kt:73)
	at org.jetbrains.kotlin.incremental.IncrementalCompilerRunner.tryCompileIncrementally$lambda$9$compile(IncrementalCompilerRunner.kt:225)
	at org.jetbrains.kotlin.incremental.IncrementalCompilerRunner.tryCompileIncrementally(IncrementalCompilerRunner.kt:267)
	at org.jetbrains.kotlin.incremental.IncrementalCompilerRunner.compile(IncrementalCompilerRunner.kt:120)
	at org.jetbrains.kotlin.daemon.CompileServiceImplBase.execIncrementalCompiler(CompileServiceImpl.kt:675)
	at org.jetbrains.kotlin.daemon.CompileServiceImplBase.access$execIncrementalCompiler(CompileServiceImpl.kt:92)
	at org.jetbrains.kotlin.daemon.CompileServiceImpl.compile(CompileServiceImpl.kt:1660)
	at java.base/jdk.internal.reflect.DirectMethodHandleAccessor.invoke(DirectMethodHandleAccessor.java:103)
	at java.base/java.lang.reflect.Method.invoke(Method.java:580)
	at java.rmi/sun.rmi.server.UnicastServerRef.dispatch(UnicastServerRef.java:360)
	at java.rmi/sun.rmi.transport.Transport$1.run(Transport.java:200)
	at java.rmi/sun.rmi.transport.Transport$1.run(Transport.java:197)
	at java.base/java.security.AccessController.doPrivileged(AccessController.java:714)
	at java.rmi/sun.rmi.transport.Transport.serviceCall(Transport.java:196)
	at java.rmi/sun.rmi.transport.tcp.TCPTransport.handleMessages(TCPTransport.java:598)
	at java.rmi/sun.rmi.transport.tcp.TCPTransport$ConnectionHandler.run0(TCPTransport.java:844)
	at java.rmi/sun.rmi.transport.tcp.TCPTransport$ConnectionHandler.lambda$run$0(TCPTransport.java:721)
	at java.base/java.security.AccessController.doPrivileged(AccessController.java:400)
	at java.rmi/sun.rmi.transport.tcp.TCPTransport$ConnectionHandler.run(TCPTransport.java:720)
	at java.base/java.util.concurrent.ThreadPoolExecutor.runWorker(ThreadPoolExecutor.java:1144)
	at java.base/java.util.concurrent.ThreadPoolExecutor$Worker.run(ThreadPoolExecutor.java:642)
	at java.base/java.lang.Thread.run(Thread.java:1583)


